<?xml version="1.0" encoding="UTF-8"?>
<testng-results skipped="0" failed="0" ignored="0" total="1" passed="1">
  <reporter-output>
  </reporter-output>
  <suite name="Default Suite" duration-ms="14718" started-at="2020-09-14T13:44:22Z" finished-at="2020-09-14T13:44:36Z">
    <groups>
    </groups>
    <test name="Hright" duration-ms="14718" started-at="2020-09-14T13:44:22Z" finished-at="2020-09-14T13:44:36Z">
      <class name="com.hright.test.LoginTest">
        <test-method status="PASS" signature="setUp()[pri:0, instance:com.hright.test.LoginTest@60015ef5]" name="setUp" is-config="true" duration-ms="7860" started-at="2020-09-14T21:44:22Z" finished-at="2020-09-14T21:44:30Z">
          <reporter-output>
          </reporter-output>
        </test-method> <!-- setUp -->
        <test-method status="PASS" signature="Hright()[pri:0, instance:com.hright.test.LoginTest@60015ef5]" name="Hright" duration-ms="2092" started-at="2020-09-14T21:44:30Z" finished-at="2020-09-14T21:44:32Z">
          <reporter-output>
          </reporter-output>
        </test-method> <!-- Hright -->
        <test-method status="PASS" signature="tearDown()[pri:0, instance:com.hright.test.LoginTest@60015ef5]" name="tearDown" is-config="true" duration-ms="4742" started-at="2020-09-14T21:44:32Z" finished-at="2020-09-14T21:44:36Z">
          <reporter-output>
          </reporter-output>
        </test-method> <!-- tearDown -->
      </class> <!-- com.hright.test.LoginTest -->
    </test> <!-- Hright -->
  </suite> <!-- Default Suite -->
</testng-results>
